  Background.cpp
  Ball.cpp
  Brick.cpp
  Game.cpp
C:\Users\Dlamo\OneDrive\Documents\Программирование\Мои приложения\Breakout 2\Breakout 2\Game.cpp(225,2): warning C4267: инициализация: преобразование из "size_t" в "int"; возможна потеря данных
  Level.cpp
C:\Users\Dlamo\OneDrive\Documents\Программирование\Мои приложения\Breakout 2\Breakout 2\Level.cpp(15,49): warning C4267: инициализация: преобразование из "size_t" в "unsigned int"; возможна потеря данных
C:\Users\Dlamo\OneDrive\Documents\Программирование\Мои приложения\Breakout 2\Breakout 2\Level.cpp(15,49): warning C4267: инициализация: преобразование из "size_t" в "const unsigned int"; возможна потеря данных
C:\Users\Dlamo\OneDrive\Documents\Программирование\Мои приложения\Breakout 2\Breakout 2\Level.cpp(15,91): warning C4267: инициализация: преобразование из "size_t" в "unsigned int"; возможна потеря данных
C:\Users\Dlamo\OneDrive\Documents\Программирование\Мои приложения\Breakout 2\Breakout 2\Level.cpp(15,91): warning C4267: инициализация: преобразование из "size_t" в "const unsigned int"; возможна потеря данных
  GameObject.cpp
  main.cpp
C:\Users\Dlamo\OneDrive\Documents\Программирование\Мои приложения\Breakout 2\Breakout 2\main.cpp(69,28): warning C4244: инициализация: преобразование "double" в "float", возможна потеря данных
  Racket.cpp
  ResourceManager.cpp
  ShaderProgram.cpp
  Sprite.cpp
  stb_image.cpp
  Texture2D.cpp
  glad.c
  Previous IPDB not found, fall back to full compilation.
LINK : warning LNK4098: библиотека по умолчанию "MSVCRTD" конфликтует с использованием других библиотек; используйте /NODEFAULTLIB:library
  Создание кода
  All 1480 functions were compiled because no usable IPDB/IOBJ from previous compilation was found.
  Создание кода завершено
  Breakout 2.vcxproj -> C:\Users\Dlamo\OneDrive\Documents\Программирование\Мои приложения\Breakout 2\x64\Release\Breakout 2.exe
